Using pre-set license
Built from '2020.3/staging' branch; Version is '2020.3.30f1 (1fb1bf06830e) revision 2077119'; Using compiler version '192528614'; Build Type 'Release'
OS: 'Windows 10  (10.0.19044) 64bit Professional' Language: 'en' Physical Memory: 4055 MB
BatchMode: 1, IsHumanControllingUs: 0, StartBugReporterOnCrash: 0, Is64bit: 1, IsPro: 0

COMMAND LINE ARGUMENTS:
C:\Program Files\Unity\Hub\Editor\2020.3.30f1\Editor\Unity.exe
-adb2
-batchMode
-noUpm
-name
AssetImportWorker7
-projectPath
C:/Users/User/Documents/GameDev/GitHub Repositories/Nippy/Fast and Fishy
-logFile
Logs/AssetImportWorker7.log
-srvPort
56283
Successfully changed project path to: C:/Users/User/Documents/GameDev/GitHub Repositories/Nippy/Fast and Fishy
C:/Users/User/Documents/GameDev/GitHub Repositories/Nippy/Fast and Fishy
Using Asset Import Pipeline V2.
Refreshing native plugins compatible for Editor in 94.47 ms, found 3 plugins.
Preloading 0 native plugins for Editor in 0.00 ms.
Initialize engine version: 2020.3.30f1 (1fb1bf06830e)
[Subsystems] Discovering subsystems at path C:/Program Files/Unity/Hub/Editor/2020.3.30f1/Editor/Data/Resources/UnitySubsystems
[Subsystems] Discovering subsystems at path C:/Users/User/Documents/GameDev/GitHub Repositories/Nippy/Fast and Fishy/Assets
GfxDevice: creating device client; threaded=0
Direct3D:
    Version:  Direct3D 11.0 [level 11.0]
    Renderer: AMD Radeon HD 7400M Series (ID=0x6760)
    Vendor:   
    VRAM:     1012 MB
    Driver:   15.201.1151.1008
Initialize mono
Mono path[0] = 'C:/Program Files/Unity/Hub/Editor/2020.3.30f1/Editor/Data/Managed'
Mono path[1] = 'C:/Program Files/Unity/Hub/Editor/2020.3.30f1/Editor/Data/MonoBleedingEdge/lib/mono/unityjit'
Mono config path = 'C:/Program Files/Unity/Hub/Editor/2020.3.30f1/Editor/Data/MonoBleedingEdge/etc'
Using monoOptions --debugger-agent=transport=dt_socket,embedding=1,server=y,suspend=n,address=127.0.0.1:56880
Begin MonoManager ReloadAssembly
Registering precompiled unity dll's ...
Register platform support module: C:/Program Files/Unity/Hub/Editor/2020.3.30f1/Editor/Data/PlaybackEngines/WebGLSupport/UnityEditor.WebGL.Extensions.dll
Register platform support module: C:/Program Files/Unity/Hub/Editor/2020.3.30f1/Editor/Data/PlaybackEngines/WindowsStandaloneSupport/UnityEditor.WindowsStandalone.Extensions.dll
Registered in 0.003647 seconds.
Native extension for WindowsStandalone target not found
Native extension for WebGL target not found
Refreshing native plugins compatible for Editor in 87.36 ms, found 3 plugins.
Preloading 0 native plugins for Editor in 0.00 ms.
Mono: successfully reloaded assembly
- Completed reload, in  1.049 seconds
Domain Reload Profiling:
	ReloadAssembly (1050ms)
		BeginReloadAssembly (108ms)
			ExecutionOrderSort (0ms)
			DisableScriptedObjects (0ms)
			BackupInstance (0ms)
			ReleaseScriptingObjects (0ms)
			CreateAndSetChildDomain (2ms)
		EndReloadAssembly (816ms)
			LoadAssemblies (104ms)
			RebuildTransferFunctionScriptingTraits (0ms)
			SetupTypeCache (276ms)
			ReleaseScriptCaches (0ms)
			RebuildScriptCaches (57ms)
			SetupLoadedEditorAssemblies (305ms)
				LogAssemblyErrors (0ms)
				InitializePlatformSupportModulesInManaged (9ms)
				SetLoadedEditorAssemblies (0ms)
				RefreshPlugins (87ms)
				BeforeProcessingInitializeOnLoad (27ms)
				ProcessInitializeOnLoadAttributes (136ms)
				ProcessInitializeOnLoadMethodAttributes (46ms)
				AfterProcessingInitializeOnLoad (0ms)
				EditorAssembliesLoaded (0ms)
			ExecutionOrderSort2 (0ms)
			AwakeInstancesAfterBackupRestoration (0ms)
Platform modules already initialized, skipping
Registering precompiled user dll's ...
Registered in 0.005097 seconds.
Begin MonoManager ReloadAssembly
Native extension for WindowsStandalone target not found
Native extension for WebGL target not found
Refreshing native plugins compatible for Editor in 86.11 ms, found 3 plugins.
Preloading 0 native plugins for Editor in 0.00 ms.
Mono: successfully reloaded assembly
- Completed reload, in  8.130 seconds
Domain Reload Profiling:
	ReloadAssembly (8204ms)
		BeginReloadAssembly (2234ms)
			ExecutionOrderSort (0ms)
			DisableScriptedObjects (9ms)
			BackupInstance (0ms)
			ReleaseScriptingObjects (0ms)
			CreateAndSetChildDomain (183ms)
		EndReloadAssembly (5470ms)
			LoadAssemblies (3925ms)
			RebuildTransferFunctionScriptingTraits (0ms)
			SetupTypeCache (1531ms)
			ReleaseScriptCaches (1ms)
			RebuildScriptCaches (85ms)
			SetupLoadedEditorAssemblies (1332ms)
				LogAssemblyErrors (0ms)
				InitializePlatformSupportModulesInManaged (8ms)
				SetLoadedEditorAssemblies (0ms)
				RefreshPlugins (86ms)
				BeforeProcessingInitializeOnLoad (368ms)
				ProcessInitializeOnLoadAttributes (702ms)
				ProcessInitializeOnLoadMethodAttributes (157ms)
				AfterProcessingInitializeOnLoad (11ms)
				EditorAssembliesLoaded (0ms)
			ExecutionOrderSort2 (0ms)
			AwakeInstancesAfterBackupRestoration (12ms)
Platform modules already initialized, skipping
========================================================================
Worker process is ready to serve import requests
Launched and connected shader compiler UnityShaderCompiler.exe after 0.79 seconds
Refreshing native plugins compatible for Editor in 0.72 ms, found 3 plugins.
Preloading 0 native plugins for Editor in 0.00 ms.
Unloading 2228 Unused Serialized files (Serialized files now loaded: 0)
System memory in use before: 110.8 MB.
System memory in use after: 110.8 MB.

Unloading 29 unused Assets to reduce memory usage. Loaded Objects now: 2676.
Total: 113.255800 ms (FindLiveObjects: 0.224200 ms CreateObjectMapping: 0.119000 ms MarkObjects: 111.527600 ms  DeleteObjects: 1.382500 ms)

AssetImportParameters requested are different than current active one (requested -> active):
  custom:framework-win-MediaFoundation: 216162199b28c13a410421893ffa2e32 -> 
  custom:video-decoder-ogg-theora: a1e56fd34408186e4bbccfd4996cb3dc -> 
  custom:container-muxer-webm: aa71ff27fc2769a1b78a27578f13a17b -> 
  custom:container-demuxer-webm: 4f35f7cbe854078d1ac9338744f61a02 -> 
  custom:container-demuxer-ogg: 62fdf1f143b41e24485cea50d1cbac27 -> 
  custom:video-encoder-webm-vp8: eb34c28f22e8b96e1ab97ce403110664 -> 
  custom:video-decoder-webm-vp8: 9c59270c3fd7afecdb556c50c9e8de78 -> 
  custom:audio-decoder-ogg-vorbis: bf7c407c2cedff20999df2af8eb42d56 -> 
  custom:audio-encoder-webm-vorbis: bf7c407c2cedff20999df2af8eb42d56 -> 
========================================================================
Received Import Request.
  path: Assets/Sounds/enemy spawn.ogg
  artifactKey: Guid(6acfdcc79c0d59e40b3dd78ed298ae1e) Importer(815301076,1909f56bfc062723c751e8b465ee728b)
Start importing Assets/Sounds/enemy spawn.ogg using Guid(6acfdcc79c0d59e40b3dd78ed298ae1e) Importer(815301076,1909f56bfc062723c751e8b465ee728b)  -> (artifact id: 'd2abeada122c3aafa5e2ce6e1a54b748') in 1.206700 seconds 
========================================================================
Received Import Request.
  Time since last request: 0.000410 seconds.
  path: Assets/Sounds/out of zone.ogg
  artifactKey: Guid(962531007a8ef834196cbe7f8cd188f2) Importer(815301076,1909f56bfc062723c751e8b465ee728b)
Start importing Assets/Sounds/out of zone.ogg using Guid(962531007a8ef834196cbe7f8cd188f2) Importer(815301076,1909f56bfc062723c751e8b465ee728b)  -> (artifact id: '32255ad71a3f84747cfb2fef08bcdf57') in 0.651166 seconds 
========================================================================
Received Import Request.
  Time since last request: 0.000341 seconds.
  path: Assets/Sounds/play click.ogg
  artifactKey: Guid(1d469550d5d150b4e8e2e3e3975f4aa9) Importer(815301076,1909f56bfc062723c751e8b465ee728b)
Start importing Assets/Sounds/play click.ogg using Guid(1d469550d5d150b4e8e2e3e3975f4aa9) Importer(815301076,1909f56bfc062723c751e8b465ee728b)  -> (artifact id: '2fa32a69617e40f5a640a1c07204c693') in 0.329840 seconds 
========================================================================
Received Import Request.
  Time since last request: 0.000399 seconds.
  path: Assets/Sounds/fast and fishy main theme.wav
  artifactKey: Guid(46bbbc0dfea154440b187fa2702ea966) Importer(815301076,1909f56bfc062723c751e8b465ee728b)
Start importing Assets/Sounds/fast and fishy main theme.wav using Guid(46bbbc0dfea154440b187fa2702ea966) Importer(815301076,1909f56bfc062723c751e8b465ee728b)  -> (artifact id: '1eefe950db4d22e771983c2841e74ab1') in 0.227591 seconds 
========================================================================
Received Import Request.
  Time since last request: 0.000327 seconds.
  path: Assets/Sounds/normal click.ogg
  artifactKey: Guid(fbdc83286e503e44db302ee4ca22513b) Importer(815301076,1909f56bfc062723c751e8b465ee728b)
Start importing Assets/Sounds/normal click.ogg using Guid(fbdc83286e503e44db302ee4ca22513b) Importer(815301076,1909f56bfc062723c751e8b465ee728b)  -> (artifact id: 'b063e24dc975db5fa43ff17ad703d3d3') in 0.164463 seconds 
========================================================================
Received Import Request.
  Time since last request: 0.000370 seconds.
  path: Assets/Sounds/game over.ogg
  artifactKey: Guid(c7e02de62c1e2594da5c623e765cf7ff) Importer(815301076,1909f56bfc062723c751e8b465ee728b)
Start importing Assets/Sounds/game over.ogg using Guid(c7e02de62c1e2594da5c623e765cf7ff) Importer(815301076,1909f56bfc062723c751e8b465ee728b)  -> (artifact id: '1d143f63d2ad4d2633d8cf340bc690c6') in 0.547567 seconds 
========================================================================
Received Import Request.
  Time since last request: 0.000349 seconds.
  path: Assets/Sounds/hit obstacle.ogg
  artifactKey: Guid(5afa67a6ca1d159489ac8b56f5192b6b) Importer(815301076,1909f56bfc062723c751e8b465ee728b)
Start importing Assets/Sounds/hit obstacle.ogg using Guid(5afa67a6ca1d159489ac8b56f5192b6b) Importer(815301076,1909f56bfc062723c751e8b465ee728b)  -> (artifact id: '12023c2d3d449c1f35795ace0fcf0367') in 0.247908 seconds 
========================================================================
Received Import Request.
  Time since last request: 0.000409 seconds.
  path: Assets/Sounds/new high score.ogg
  artifactKey: Guid(b4f8c07384d80734b9b35be03618d593) Importer(815301076,1909f56bfc062723c751e8b465ee728b)
Start importing Assets/Sounds/new high score.ogg using Guid(b4f8c07384d80734b9b35be03618d593) Importer(815301076,1909f56bfc062723c751e8b465ee728b)  -> (artifact id: '9371da6f7c75af599e35a36c47cba324') in 0.132667 seconds 
