Using pre-set license
Built from '2020.3/staging' branch; Version is '2020.3.30f1 (1fb1bf06830e) revision 2077119'; Using compiler version '192528614'; Build Type 'Release'
OS: 'Windows 10  (10.0.19042) 64bit Professional' Language: 'en' Physical Memory: 4055 MB
BatchMode: 1, IsHumanControllingUs: 0, StartBugReporterOnCrash: 0, Is64bit: 1, IsPro: 0

COMMAND LINE ARGUMENTS:
C:\Program Files\Unity\Hub\Editor\2020.3.30f1\Editor\Unity.exe
-adb2
-batchMode
-noUpm
-name
AssetImportWorker0
-projectPath
C:/Users/User/Documents/GameDev/GitHub Repositories/Nippy/Fast and Fishy
-logFile
Logs/AssetImportWorker0.log
-srvPort
63797
Successfully changed project path to: C:/Users/User/Documents/GameDev/GitHub Repositories/Nippy/Fast and Fishy
C:/Users/User/Documents/GameDev/GitHub Repositories/Nippy/Fast and Fishy
Using Asset Import Pipeline V2.
Refreshing native plugins compatible for Editor in 100.48 ms, found 3 plugins.
Preloading 0 native plugins for Editor in 0.00 ms.
Initialize engine version: 2020.3.30f1 (1fb1bf06830e)
[Subsystems] Discovering subsystems at path C:/Program Files/Unity/Hub/Editor/2020.3.30f1/Editor/Data/Resources/UnitySubsystems
[Subsystems] Discovering subsystems at path C:/Users/User/Documents/GameDev/GitHub Repositories/Nippy/Fast and Fishy/Assets
GfxDevice: creating device client; threaded=0
Direct3D:
    Version:  Direct3D 11.0 [level 11.0]
    Renderer: AMD Radeon HD 7400M Series (ID=0x6760)
    Vendor:   
    VRAM:     1012 MB
    Driver:   15.201.1151.1008
Initialize mono
Mono path[0] = 'C:/Program Files/Unity/Hub/Editor/2020.3.30f1/Editor/Data/Managed'
Mono path[1] = 'C:/Program Files/Unity/Hub/Editor/2020.3.30f1/Editor/Data/MonoBleedingEdge/lib/mono/unityjit'
Mono config path = 'C:/Program Files/Unity/Hub/Editor/2020.3.30f1/Editor/Data/MonoBleedingEdge/etc'
Using monoOptions --debugger-agent=transport=dt_socket,embedding=1,server=y,suspend=n,address=127.0.0.1:56304
Begin MonoManager ReloadAssembly
Registering precompiled unity dll's ...
Register platform support module: C:/Program Files/Unity/Hub/Editor/2020.3.30f1/Editor/Data/PlaybackEngines/WebGLSupport/UnityEditor.WebGL.Extensions.dll
Register platform support module: C:/Program Files/Unity/Hub/Editor/2020.3.30f1/Editor/Data/PlaybackEngines/WindowsStandaloneSupport/UnityEditor.WindowsStandalone.Extensions.dll
Registered in 0.003645 seconds.
Native extension for WindowsStandalone target not found
Native extension for WebGL target not found
Refreshing native plugins compatible for Editor in 95.70 ms, found 3 plugins.
Preloading 0 native plugins for Editor in 0.00 ms.
Mono: successfully reloaded assembly
- Completed reload, in  1.018 seconds
Domain Reload Profiling:
	ReloadAssembly (1019ms)
		BeginReloadAssembly (105ms)
			ExecutionOrderSort (0ms)
			DisableScriptedObjects (0ms)
			BackupInstance (0ms)
			ReleaseScriptingObjects (0ms)
			CreateAndSetChildDomain (1ms)
		EndReloadAssembly (798ms)
			LoadAssemblies (102ms)
			RebuildTransferFunctionScriptingTraits (0ms)
			SetupTypeCache (243ms)
			ReleaseScriptCaches (0ms)
			RebuildScriptCaches (52ms)
			SetupLoadedEditorAssemblies (332ms)
				LogAssemblyErrors (0ms)
				InitializePlatformSupportModulesInManaged (9ms)
				SetLoadedEditorAssemblies (0ms)
				RefreshPlugins (96ms)
				BeforeProcessingInitializeOnLoad (27ms)
				ProcessInitializeOnLoadAttributes (154ms)
				ProcessInitializeOnLoadMethodAttributes (46ms)
				AfterProcessingInitializeOnLoad (0ms)
				EditorAssembliesLoaded (0ms)
			ExecutionOrderSort2 (0ms)
			AwakeInstancesAfterBackupRestoration (0ms)
Platform modules already initialized, skipping
Registering precompiled user dll's ...
Registered in 0.005190 seconds.
Begin MonoManager ReloadAssembly
Native extension for WindowsStandalone target not found
Native extension for WebGL target not found
Refreshing native plugins compatible for Editor in 82.67 ms, found 3 plugins.
Preloading 0 native plugins for Editor in 0.00 ms.
Mono: successfully reloaded assembly
- Completed reload, in  2.053 seconds
Domain Reload Profiling:
	ReloadAssembly (2054ms)
		BeginReloadAssembly (414ms)
			ExecutionOrderSort (0ms)
			DisableScriptedObjects (8ms)
			BackupInstance (0ms)
			ReleaseScriptingObjects (0ms)
			CreateAndSetChildDomain (27ms)
		EndReloadAssembly (1528ms)
			LoadAssemblies (331ms)
			RebuildTransferFunctionScriptingTraits (0ms)
			SetupTypeCache (494ms)
			ReleaseScriptCaches (1ms)
			RebuildScriptCaches (81ms)
			SetupLoadedEditorAssemblies (591ms)
				LogAssemblyErrors (0ms)
				InitializePlatformSupportModulesInManaged (7ms)
				SetLoadedEditorAssemblies (0ms)
				RefreshPlugins (83ms)
				BeforeProcessingInitializeOnLoad (141ms)
				ProcessInitializeOnLoadAttributes (317ms)
				ProcessInitializeOnLoadMethodAttributes (29ms)
				AfterProcessingInitializeOnLoad (15ms)
				EditorAssembliesLoaded (0ms)
			ExecutionOrderSort2 (0ms)
			AwakeInstancesAfterBackupRestoration (15ms)
Platform modules already initialized, skipping
========================================================================
Worker process is ready to serve import requests
Launched and connected shader compiler UnityShaderCompiler.exe after 0.41 seconds
Refreshing native plugins compatible for Editor in 1.00 ms, found 3 plugins.
Preloading 0 native plugins for Editor in 0.00 ms.
Unloading 2228 Unused Serialized files (Serialized files now loaded: 0)
System memory in use before: 110.9 MB.
System memory in use after: 110.9 MB.

Unloading 29 unused Assets to reduce memory usage. Loaded Objects now: 2676.
Total: 4.951000 ms (FindLiveObjects: 0.233900 ms CreateObjectMapping: 0.124700 ms MarkObjects: 4.417900 ms  DeleteObjects: 0.172700 ms)

AssetImportParameters requested are different than current active one (requested -> active):
  custom:framework-win-MediaFoundation: 216162199b28c13a410421893ffa2e32 -> 
  custom:video-decoder-ogg-theora: a1e56fd34408186e4bbccfd4996cb3dc -> 
  custom:container-muxer-webm: aa71ff27fc2769a1b78a27578f13a17b -> 
  custom:container-demuxer-webm: 4f35f7cbe854078d1ac9338744f61a02 -> 
  custom:container-demuxer-ogg: 62fdf1f143b41e24485cea50d1cbac27 -> 
  custom:video-encoder-webm-vp8: eb34c28f22e8b96e1ab97ce403110664 -> 
  custom:video-decoder-webm-vp8: 9c59270c3fd7afecdb556c50c9e8de78 -> 
  custom:audio-decoder-ogg-vorbis: bf7c407c2cedff20999df2af8eb42d56 -> 
  custom:audio-encoder-webm-vorbis: bf7c407c2cedff20999df2af8eb42d56 -> 
========================================================================
Received Import Request.
  path: Assets/Scenes/SampleScene.unity
  artifactKey: Guid(2cda990e2423bbf4892e6590ba056729) Importer(815301076,1909f56bfc062723c751e8b465ee728b)
Start importing Assets/Scenes/SampleScene.unity using Guid(2cda990e2423bbf4892e6590ba056729) Importer(815301076,1909f56bfc062723c751e8b465ee728b)  -> (artifact id: '1f691a2cd1ff1d0012be91c05714412e') in 0.053827 seconds 
========================================================================
Received Prepare
Registering precompiled user dll's ...
Registered in 0.124147 seconds.
Begin MonoManager ReloadAssembly
Native extension for WindowsStandalone target not found
Native extension for WebGL target not found
Refreshing native plugins compatible for Editor in 0.77 ms, found 3 plugins.
Preloading 0 native plugins for Editor in 0.00 ms.
Mono: successfully reloaded assembly
- Completed reload, in  5.562 seconds
Domain Reload Profiling:
	ReloadAssembly (5562ms)
		BeginReloadAssembly (1039ms)
			ExecutionOrderSort (0ms)
			DisableScriptedObjects (25ms)
			BackupInstance (0ms)
			ReleaseScriptingObjects (0ms)
			CreateAndSetChildDomain (58ms)
		EndReloadAssembly (4388ms)
			LoadAssemblies (3619ms)
			RebuildTransferFunctionScriptingTraits (0ms)
			SetupTypeCache (658ms)
			ReleaseScriptCaches (1ms)
			RebuildScriptCaches (71ms)
			SetupLoadedEditorAssemblies (604ms)
				LogAssemblyErrors (0ms)
				InitializePlatformSupportModulesInManaged (9ms)
				SetLoadedEditorAssemblies (1ms)
				RefreshPlugins (1ms)
				BeforeProcessingInitializeOnLoad (160ms)
				ProcessInitializeOnLoadAttributes (373ms)
				ProcessInitializeOnLoadMethodAttributes (51ms)
				AfterProcessingInitializeOnLoad (10ms)
				EditorAssembliesLoaded (0ms)
			ExecutionOrderSort2 (0ms)
			AwakeInstancesAfterBackupRestoration (14ms)
Platform modules already initialized, skipping
Switching build target platform(19) subTarget(0) extendedPlatform(0) -> platform(13) subTarget(537395200) extendedPlatform(0)
Refreshing native plugins compatible for Editor in 0.71 ms, found 3 plugins.
Preloading 0 native plugins for Editor in 0.00 ms.
Unloading 2212 Unused Serialized files (Serialized files now loaded: 0)
System memory in use before: 109.5 MB.
System memory in use after: 109.5 MB.

Unloading 19 unused Assets to reduce memory usage. Loaded Objects now: 2678.
Total: 6.619000 ms (FindLiveObjects: 0.216600 ms CreateObjectMapping: 0.116900 ms MarkObjects: 6.126100 ms  DeleteObjects: 0.157400 ms)

AssetImportParameters requested are different than current active one (requested -> active):
  custom:framework-win-MediaFoundation: 216162199b28c13a410421893ffa2e32 -> 
  custom:video-decoder-ogg-theora: a1e56fd34408186e4bbccfd4996cb3dc -> 
  custom:container-muxer-webm: aa71ff27fc2769a1b78a27578f13a17b -> 
  custom:container-demuxer-webm: 4f35f7cbe854078d1ac9338744f61a02 -> 
  custom:container-demuxer-ogg: 62fdf1f143b41e24485cea50d1cbac27 -> 
  custom:video-encoder-webm-vp8: eb34c28f22e8b96e1ab97ce403110664 -> 
  custom:video-decoder-webm-vp8: 9c59270c3fd7afecdb556c50c9e8de78 -> 
  custom:graphics/normal-map-encoding: 01000000000000000000000000000000 -> 02000000000000000000000000000000
  custom:audio-decoder-ogg-vorbis: bf7c407c2cedff20999df2af8eb42d56 -> 
  custom:audio-encoder-webm-vorbis: bf7c407c2cedff20999df2af8eb42d56 -> 
========================================================================
Received Import Request.
  Time since last request: 380.732381 seconds.
  path: Assets/Sprites/bonk.png
  artifactKey: Guid(0a4fafda22ebf10488f4ad849a3c47f5) Importer(815301076,1909f56bfc062723c751e8b465ee728b)
Start importing Assets/Sprites/bonk.png using Guid(0a4fafda22ebf10488f4ad849a3c47f5) Importer(815301076,1909f56bfc062723c751e8b465ee728b)  -> (artifact id: 'c5a77671cfa11b8917e4462ed95aae3e') in 0.547031 seconds 
========================================================================
Received Import Request.
  Time since last request: 0.000345 seconds.
  path: Assets/Sprites/piranha skeleton.png
  artifactKey: Guid(83c1c866130570a46a83b983ff39f830) Importer(815301076,1909f56bfc062723c751e8b465ee728b)
Start importing Assets/Sprites/piranha skeleton.png using Guid(83c1c866130570a46a83b983ff39f830) Importer(815301076,1909f56bfc062723c751e8b465ee728b)  -> (artifact id: 'b063feca86617bcba1397740a0b4d33f') in 0.291733 seconds 
========================================================================
Received Import Request.
  Time since last request: 0.000337 seconds.
  path: Assets/Sprites/game-wallpaper.jpg
  artifactKey: Guid(3ce8d8ca48511184f922081447b7cc52) Importer(815301076,1909f56bfc062723c751e8b465ee728b)
Start importing Assets/Sprites/game-wallpaper.jpg using Guid(3ce8d8ca48511184f922081447b7cc52) Importer(815301076,1909f56bfc062723c751e8b465ee728b)  -> (artifact id: 'd6b4964dbeaef019bbfe19930a1d90e3') in 0.658855 seconds 
========================================================================
Received Import Request.
  Time since last request: 0.000392 seconds.
  path: Assets/Sprites/SeahorsesRegular-1G9R2.otf
  artifactKey: Guid(445c880b1dcb0c54085e77d099845cd1) Importer(815301076,1909f56bfc062723c751e8b465ee728b)
Start importing Assets/Sprites/SeahorsesRegular-1G9R2.otf using Guid(445c880b1dcb0c54085e77d099845cd1) Importer(815301076,1909f56bfc062723c751e8b465ee728b)  -> (artifact id: '1e901dd30f9067accf37b755611146c7') in 1.536270 seconds 
========================================================================
Received Import Request.
  Time since last request: 0.000643 seconds.
  path: Assets/Sprites/player skeleton.png
  artifactKey: Guid(65f3c2bfbd85d284c8b663b79edc223d) Importer(815301076,1909f56bfc062723c751e8b465ee728b)
Start importing Assets/Sprites/player skeleton.png using Guid(65f3c2bfbd85d284c8b663b79edc223d) Importer(815301076,1909f56bfc062723c751e8b465ee728b)  -> (artifact id: 'bc5d4e8e78687babe0a08876c449c631') in 0.206604 seconds 
========================================================================
Received Import Request.
  Time since last request: 0.000348 seconds.
  path: Assets/Sprites/player fish.png
  artifactKey: Guid(cb9b177d3cc99234a9c26d03568774ca) Importer(815301076,1909f56bfc062723c751e8b465ee728b)
Start importing Assets/Sprites/player fish.png using Guid(cb9b177d3cc99234a9c26d03568774ca) Importer(815301076,1909f56bfc062723c751e8b465ee728b)  -> (artifact id: 'd6a12fb2d682ce2b86b59835fa2c4036') in 0.136574 seconds 
========================================================================
Received Import Request.
  Time since last request: 0.000414 seconds.
  path: Assets/Sprites/menu wallpaper.png
  artifactKey: Guid(d57d7c4d1db3ccf499f6a46ddac8f8f8) Importer(815301076,1909f56bfc062723c751e8b465ee728b)
Start importing Assets/Sprites/menu wallpaper.png using Guid(d57d7c4d1db3ccf499f6a46ddac8f8f8) Importer(815301076,1909f56bfc062723c751e8b465ee728b)  -> (artifact id: '47ea95c3a8e3d95b2b96089e11429e27') in 0.297721 seconds 
========================================================================
Received Import Request.
  Time since last request: 0.000342 seconds.
  path: Assets/Sprites/rock.png
  artifactKey: Guid(be0401aef2e64914888d05eaf3374f11) Importer(815301076,1909f56bfc062723c751e8b465ee728b)
Start importing Assets/Sprites/rock.png using Guid(be0401aef2e64914888d05eaf3374f11) Importer(815301076,1909f56bfc062723c751e8b465ee728b)  -> (artifact id: 'febfade0f665a46ab07030ff2879e053') in 0.436314 seconds 
========================================================================
Received Import Request.
  Time since last request: 0.000421 seconds.
  path: Assets/Sprites/bubble.png
  artifactKey: Guid(7e279a17e840e9645aca86cff7a9e9bb) Importer(815301076,1909f56bfc062723c751e8b465ee728b)
Start importing Assets/Sprites/bubble.png using Guid(7e279a17e840e9645aca86cff7a9e9bb) Importer(815301076,1909f56bfc062723c751e8b465ee728b)  -> (artifact id: 'ecfaf322024902e226beb1abc69d2818') in 0.123021 seconds 
========================================================================
Received Import Request.
  Time since last request: 0.000304 seconds.
  path: Assets/Sprites/piranha.png
  artifactKey: Guid(93fde7cf50f6ff04394c241e9ca841fe) Importer(815301076,1909f56bfc062723c751e8b465ee728b)
Start importing Assets/Sprites/piranha.png using Guid(93fde7cf50f6ff04394c241e9ca841fe) Importer(815301076,1909f56bfc062723c751e8b465ee728b)  -> (artifact id: '53c285d5cf3b10c8b15638a760a1896d') in 0.152507 seconds 
========================================================================
Received Import Request.
  Time since last request: 0.000345 seconds.
  path: Assets/Sprites/magma.png
  artifactKey: Guid(eb707269a8a4e444f87f202ffc4cc7cf) Importer(815301076,1909f56bfc062723c751e8b465ee728b)
Start importing Assets/Sprites/magma.png using Guid(eb707269a8a4e444f87f202ffc4cc7cf) Importer(815301076,1909f56bfc062723c751e8b465ee728b)  -> (artifact id: 'fc182754a5405090c5497328d9f48b31') in 0.123474 seconds 
========================================================================
Received Import Request.
  Time since last request: 10.029154 seconds.
  path: Assets/Sprites/game icon.jpg
  artifactKey: Guid(f8515fa1184fd384eb4d20ef874b8843) Importer(815301076,1909f56bfc062723c751e8b465ee728b)
Start importing Assets/Sprites/game icon.jpg using Guid(f8515fa1184fd384eb4d20ef874b8843) Importer(815301076,1909f56bfc062723c751e8b465ee728b)  -> (artifact id: '3140544108c3f7087d715858ccadcffd') in 0.097197 seconds 
AssetImportWorkerClient::OnTransportError - code=2 error=End of file
